2024/11/14 09:45:41 GraphQL server created successfully
2024/11/14 09:45:41 GraphQL playground available at http://localhost:9000/
2024/11/14 09:45:42 method=GET path=/metrics status=200 latency=1.061ms client_ip=::1
2024/11/14 15:21:39 GraphQL server created successfully
2024/11/14 15:21:39 GraphQL playground available at http://localhost:9000/
2024/11/14 15:21:46 method=GET path=/metrics status=200 latency=2.883834ms client_ip=::1
2024/11/14 15:22:01 method=GET path=/metrics status=200 latency=1.533458ms client_ip=::1
2024/11/14 15:22:16 method=GET path=/metrics status=200 latency=2.843208ms client_ip=::1
2024/11/14 15:22:31 method=GET path=/metrics status=200 latency=1.859041ms client_ip=::1
2024/11/14 15:22:46 method=GET path=/metrics status=200 latency=2.112417ms client_ip=::1
2024/11/14 15:23:01 method=GET path=/metrics status=200 latency=1.705959ms client_ip=::1
2024/11/14 15:23:06 method=POST path=/send-email status=404 latency=42.541µs client_ip=::1
2024/11/14 15:23:16 method=GET path=/metrics status=200 latency=1.387666ms client_ip=::1
2024/11/14 15:23:16 method=POST path=/send-emai status=404 latency=6.667µs client_ip=::1
2024/11/14 15:23:19 method=POST path=/grap status=404 latency=3.417µs client_ip=::1
2024/11/14 15:23:19 method=POST path=/graph status=404 latency=24.209µs client_ip=::1
2024/11/14 15:23:20 method=POST path=/graphql status=404 latency=4.75µs client_ip=::1
2024/11/14 15:23:30 method=POST path=/graphql status=404 latency=24.916µs client_ip=::1
2024/11/14 15:23:31 method=GET path=/metrics status=200 latency=3.656875ms client_ip=::1
2024/11/14 15:23:44 method=POST path=/graphql status=404 latency=25.416µs client_ip=::1
2024/11/14 15:23:46 method=GET path=/metrics status=200 latency=1.215041ms client_ip=::1
2024/11/14 15:23:59 method=POST path=/ status=404 latency=32.25µs client_ip=::1
2024/11/14 15:24:01 method=GET path=/metrics status=200 latency=1.709334ms client_ip=::1
2024/11/14 15:24:01 method=POST path=/ status=404 latency=3.75µs client_ip=::1
2024/11/14 15:24:15 method=GET path=/graphql status=404 latency=37.375µs client_ip=::1
2024/11/14 15:24:16 method=GET path=/graphql status=404 latency=5.667µs client_ip=::1
2024/11/14 15:24:16 method=GET path=/graphql status=404 latency=8.458µs client_ip=::1
2024/11/14 15:24:16 method=GET path=/metrics status=200 latency=3.560584ms client_ip=::1
2024/11/14 15:24:31 method=GET path=/metrics status=200 latency=2.407083ms client_ip=::1
2024/11/14 15:24:46 method=GET path=/metrics status=200 latency=2.661292ms client_ip=::1
2024/11/14 15:24:58 method=GET path=/graphql status=404 latency=29.542µs client_ip=::1
2024/11/14 15:25:01 method=GET path=/graphql status=404 latency=3.833µs client_ip=::1
2024/11/14 15:25:01 method=GET path=/metrics status=200 latency=1.580166ms client_ip=::1
2024/11/14 15:25:02 method=GET path=/graphql status=404 latency=3.458µs client_ip=::1
2024/11/14 15:25:02 method=GET path=/graphql status=404 latency=3.916µs client_ip=::1
2024/11/14 15:25:08 GraphQL server created successfully
2024/11/14 15:25:08 GraphQL playground available at http://localhost:9000/
2024/11/14 15:25:12 method=GET path=/graphq status=404 latency=24.375µs client_ip=::1
2024/11/14 15:25:13 method=GET path=/ status=200 latency=665.917µs client_ip=::1
2024/11/14 15:25:14 method=GET path=/ status=200 latency=914.708µs client_ip=::1
2024/11/14 15:25:14 method=GET path=/ status=200 latency=65.583µs client_ip=::1
2024/11/14 15:25:16 method=GET path=/metrics status=200 latency=3.868292ms client_ip=::1
2024/11/14 15:25:31 method=GET path=/metrics status=200 latency=2.541084ms client_ip=::1
2024/11/14 15:25:46 method=GET path=/metrics status=200 latency=1.419959ms client_ip=::1
2024/11/14 15:26:01 method=GET path=/metrics status=200 latency=1.842292ms client_ip=::1
2024/11/14 15:26:09 method=GET path=/quer status=404 latency=5.917µs client_ip=::1
2024/11/14 15:26:10 method=GET path=/query status=404 latency=3.333µs client_ip=::1
2024/11/14 15:26:10 method=GET path=/query status=404 latency=3.208µs client_ip=::1
2024/11/14 15:26:10 method=GET path=/query status=404 latency=2.875µs client_ip=::1
2024/11/14 15:26:13 method=GET path=/ status=200 latency=130.75µs client_ip=::1
2024/11/14 15:26:13 method=GET path=/ status=200 latency=84.459µs client_ip=::1
2024/11/14 15:26:13 method=GET path=/ status=200 latency=80.5µs client_ip=::1
2024/11/14 15:26:13 method=GET path=/ status=200 latency=145.584µs client_ip=::1
2024/11/14 15:26:16 method=GET path=/metrics status=200 latency=1.00225ms client_ip=::1
2024/11/14 15:26:31 method=GET path=/metrics status=200 latency=1.359458ms client_ip=::1
2024/11/14 15:26:46 method=GET path=/metrics status=200 latency=8.784708ms client_ip=::1
2024/11/14 15:27:01 method=GET path=/metrics status=200 latency=1.167084ms client_ip=::1
2024/11/14 15:27:16 method=GET path=/metrics status=200 latency=2.939875ms client_ip=::1
2024/11/14 15:27:31 method=GET path=/metrics status=200 latency=1.5625ms client_ip=::1
2024/11/14 15:27:46 method=GET path=/metrics status=200 latency=2.348083ms client_ip=::1
2024/11/14 15:28:01 method=GET path=/metrics status=200 latency=2.376667ms client_ip=::1
2024/11/14 15:28:16 method=GET path=/metrics status=200 latency=1.491083ms client_ip=::1
2024/11/14 15:28:16 method=POST path=/ status=404 latency=261.084µs client_ip=::1
2024/11/14 15:28:22 method=POST path=/ status=404 latency=10.791µs client_ip=::1
2024/11/14 15:28:27 method=POST path=/ status=404 latency=4.5µs client_ip=::1
2024/11/14 15:28:31 method=GET path=/metrics status=200 latency=2.115584ms client_ip=::1
2024/11/14 15:28:45 method=POST path=/ status=404 latency=14.625µs client_ip=::1
2024/11/14 15:28:46 method=GET path=/metrics status=200 latency=1.186208ms client_ip=::1
2024/11/14 15:28:50 method=POST path=/ status=404 latency=3.541µs client_ip=::1
2024/11/14 15:28:51 method=POST path=/ status=404 latency=3.458µs client_ip=::1
2024/11/14 15:28:54 method=POST path=/ status=404 latency=3.667µs client_ip=::1
2024/11/14 15:28:54 method=POST path=/ status=404 latency=18.083µs client_ip=::1
2024/11/14 15:28:55 method=POST path=/ status=404 latency=3.333µs client_ip=::1
2024/11/14 15:28:55 method=POST path=/ status=404 latency=4.875µs client_ip=::1
2024/11/14 15:28:55 method=POST path=/ status=404 latency=4.625µs client_ip=::1
2024/11/14 15:28:55 method=POST path=/ status=404 latency=3.666µs client_ip=::1
2024/11/14 15:28:56 method=POST path=/ status=404 latency=4.084µs client_ip=::1
2024/11/14 15:28:56 method=POST path=/ status=404 latency=6.666µs client_ip=::1
2024/11/14 15:28:57 method=POST path=/ status=404 latency=3.708µs client_ip=::1
2024/11/14 15:28:58 method=POST path=/ status=404 latency=10.125µs client_ip=::1
2024/11/14 15:28:59 method=POST path=/ status=404 latency=4.041µs client_ip=::1
2024/11/14 15:29:01 method=GET path=/metrics status=200 latency=1.456833ms client_ip=::1
2024/11/14 15:29:06 method=POST path=/query status=200 latency=8.4185ms client_ip=::1
2024/11/14 15:29:06 method=POST path=/query status=422 latency=120.084µs client_ip=::1
2024/11/14 15:29:06 method=POST path=/query status=422 latency=54.083µs client_ip=::1
2024/11/14 15:29:16 method=GET path=/metrics status=200 latency=954.584µs client_ip=::1
2024/11/14 15:29:31 method=GET path=/metrics status=200 latency=1.358542ms client_ip=::1
2024/11/14 15:29:44 method=POST path=/query status=422 latency=903.875µs client_ip=::1
2024/11/14 15:29:46 method=GET path=/metrics status=200 latency=1.029792ms client_ip=::1
2024/11/14 15:29:52 method=POST path=/query status=200 latency=22.097875ms client_ip=::1
2024/11/14 15:30:01 method=GET path=/metrics status=200 latency=5.753417ms client_ip=::1
2024/11/14 15:30:10 method=POST path=/ status=404 latency=29.167µs client_ip=::1
2024/11/14 15:30:10 method=POST path=/ status=404 latency=1.334µs client_ip=::1
2024/11/14 15:30:10 method=POST path=/ status=404 latency=3.459µs client_ip=::1
2024/11/14 15:30:14 method=POST path=/grap status=404 latency=3.583µs client_ip=::1
2024/11/14 15:30:15 method=POST path=/graph status=404 latency=3.209µs client_ip=::1
2024/11/14 15:30:16 method=POST path=/graphql status=404 latency=3.875µs client_ip=::1
2024/11/14 15:30:16 method=POST path=/graphql status=404 latency=708ns client_ip=::1
2024/11/14 15:30:16 method=POST path=/graphql status=404 latency=4.416µs client_ip=::1
2024/11/14 15:30:16 method=GET path=/metrics status=200 latency=1.670125ms client_ip=::1
2024/11/14 15:30:19 method=POST path=/g status=404 latency=11.5µs client_ip=::1
2024/11/14 15:30:20 method=POST path=/query status=200 latency=612.208µs client_ip=::1
2024/11/14 15:30:20 method=POST path=/query status=200 latency=2.582959ms client_ip=::1
2024/11/14 15:30:20 method=POST path=/query status=200 latency=11.728292ms client_ip=::1
2024/11/14 15:30:31 method=GET path=/metrics status=200 latency=1.643458ms client_ip=::1
2024/11/14 15:30:46 method=GET path=/metrics status=200 latency=1.164125ms client_ip=::1
2024/11/14 15:31:01 method=GET path=/metrics status=200 latency=1.413375ms client_ip=::1
2024/11/14 15:31:16 method=GET path=/metrics status=200 latency=1.569459ms client_ip=::1
2024/11/14 15:31:31 method=GET path=/metrics status=200 latency=2.241917ms client_ip=::1
2024/11/14 15:31:46 method=GET path=/metrics status=200 latency=1.838625ms client_ip=::1
2024/11/14 15:32:01 method=GET path=/metrics status=200 latency=1.768958ms client_ip=::1
2024/11/14 15:32:16 method=GET path=/metrics status=200 latency=1.5335ms client_ip=::1
2024/11/14 15:32:31 method=GET path=/metrics status=200 latency=2.147542ms client_ip=::1
2024/11/14 15:32:46 method=GET path=/metrics status=200 latency=1.626667ms client_ip=::1
2024/11/14 15:33:01 method=GET path=/metrics status=200 latency=1.218ms client_ip=::1
2024/11/14 15:33:16 method=GET path=/metrics status=200 latency=1.757125ms client_ip=::1
2024/11/14 15:33:31 method=GET path=/metrics status=200 latency=2.715916ms client_ip=::1
2024/11/14 15:33:46 method=GET path=/metrics status=200 latency=1.011708ms client_ip=::1
2024/11/14 15:34:01 method=GET path=/metrics status=200 latency=861.5µs client_ip=::1
2024/11/14 15:34:16 method=GET path=/metrics status=200 latency=1.723ms client_ip=::1
2024/11/14 15:34:31 method=GET path=/metrics status=200 latency=2.409583ms client_ip=::1
2024/11/14 15:34:46 method=GET path=/metrics status=200 latency=1.122875ms client_ip=::1
2024/11/14 15:35:01 method=GET path=/metrics status=200 latency=2.646375ms client_ip=::1
2024/11/14 15:35:16 method=GET path=/metrics status=200 latency=2.099083ms client_ip=::1
2024/11/14 15:35:31 method=GET path=/metrics status=200 latency=1.296292ms client_ip=::1
2024/11/14 15:35:46 method=GET path=/metrics status=200 latency=1.875ms client_ip=::1
2024/11/14 15:36:01 method=GET path=/metrics status=200 latency=5.7425ms client_ip=::1
2024/11/14 15:36:16 method=GET path=/metrics status=200 latency=815.75µs client_ip=::1
2024/11/14 15:36:31 method=GET path=/metrics status=200 latency=1.0325ms client_ip=::1
2024/11/14 15:36:46 method=GET path=/metrics status=200 latency=903.458µs client_ip=::1
2024/11/14 15:37:01 method=GET path=/metrics status=200 latency=1.508667ms client_ip=::1
2024/11/14 15:37:16 method=GET path=/metrics status=200 latency=2.284833ms client_ip=::1
2024/11/14 15:37:31 method=GET path=/metrics status=200 latency=1.157792ms client_ip=::1
2024/11/14 15:37:46 method=GET path=/metrics status=200 latency=2.201333ms client_ip=::1
2024/11/14 15:38:01 method=GET path=/metrics status=200 latency=1.168083ms client_ip=::1
2024/11/14 15:38:16 method=GET path=/metrics status=200 latency=1.321625ms client_ip=::1
2024/11/14 15:38:31 method=GET path=/metrics status=200 latency=2.349959ms client_ip=::1
2024/11/14 15:38:46 method=GET path=/metrics status=200 latency=1.683792ms client_ip=::1
2024/11/14 15:39:01 method=GET path=/metrics status=200 latency=2.55025ms client_ip=::1
2024/11/14 15:39:16 method=GET path=/metrics status=200 latency=2.459875ms client_ip=::1
2024/11/14 15:39:31 method=GET path=/metrics status=200 latency=1.001458ms client_ip=::1
2024/11/14 15:54:31 GraphQL server created successfully
2024/11/14 15:54:31 GraphQL playground available at http://localhost:9000/
2024/11/14 15:54:31 method=GET path=/metrics status=200 latency=2.304042ms client_ip=::1
2024/11/14 15:54:46 method=GET path=/metrics status=200 latency=1.103166ms client_ip=::1
2024/11/14 15:55:01 method=GET path=/metrics status=200 latency=1.487ms client_ip=::1
2024/11/14 15:55:13 method=POST path=/send-email status=404 latency=81.458µs client_ip=::1
2024/11/14 15:55:16 method=GET path=/metrics status=200 latency=2.860667ms client_ip=::1
2024/11/14 15:55:23 method=POST path=/send-emai status=404 latency=19.083µs client_ip=::1
2024/11/14 15:55:24 method=POST path=/ status=404 latency=3.583µs client_ip=::1
2024/11/14 15:55:26 method=POST path=/ status=404 latency=3.625µs client_ip=::1
2024/11/14 15:55:31 method=POST path=/query status=200 latency=1.882292ms client_ip=::1
2024/11/14 15:55:31 method=GET path=/metrics status=200 latency=671.667µs client_ip=::1
2024/11/14 15:55:31 method=POST path=/query status=200 latency=12.746333ms client_ip=::1
2024/11/14 15:55:42 method=POST path=/g status=404 latency=41.125µs client_ip=::1
2024/11/14 15:55:44 method=POST path=/graphql status=404 latency=3.708µs client_ip=::1
2024/11/14 15:55:44 method=POST path=/graphql status=404 latency=4.834µs client_ip=::1
2024/11/14 15:55:46 method=GET path=/metrics status=200 latency=1.270875ms client_ip=::1
2024/11/14 15:56:01 method=GET path=/metrics status=200 latency=1.879ms client_ip=::1
2024/11/14 15:56:01 method=POST path=/g status=404 latency=3.5µs client_ip=::1
2024/11/14 15:56:02 method=POST path=/ status=404 latency=3.5µs client_ip=::1
2024/11/14 15:56:02 method=POST path=/ status=404 latency=4.166µs client_ip=::1
2024/11/14 15:56:02 method=POST path=/ status=404 latency=4.792µs client_ip=::1
2024/11/14 15:56:04 method=POST path=/q status=404 latency=3.75µs client_ip=::1
2024/11/14 15:56:05 method=POST path=/qu status=404 latency=7.833µs client_ip=::1
2024/11/14 15:56:06 method=POST path=/quer status=404 latency=3.541µs client_ip=::1
2024/11/14 15:56:06 method=POST path=/query status=200 latency=647.584µs client_ip=::1
2024/11/14 15:56:06 method=POST path=/query  status=404 latency=3.583µs client_ip=::1
2024/11/14 15:56:08 method=POST path=/query status=200 latency=454.959µs client_ip=::1
2024/11/14 15:56:08 method=POST path=/query status=200 latency=1.464958ms client_ip=::1
2024/11/14 15:56:08 method=POST path=/query status=200 latency=683.833µs client_ip=::1
2024/11/14 15:56:16 method=GET path=/metrics status=200 latency=1.667084ms client_ip=::1
2024/11/14 15:56:31 method=GET path=/metrics status=200 latency=1.35275ms client_ip=::1
2024/11/14 15:56:55 GraphQL server created successfully
2024/11/14 15:56:55 GraphQL playground available at http://localhost:9000/
2024/11/14 15:57:01 method=GET path=/metrics status=200 latency=2.422333ms client_ip=::1
2024/11/14 15:57:16 method=GET path=/metrics status=200 latency=1.292959ms client_ip=::1
2024/11/14 15:57:31 method=GET path=/metrics status=200 latency=3.651ms client_ip=::1
2024/11/14 15:57:41 GraphQL server created successfully
2024/11/14 15:57:41 GraphQL playground available at http://localhost:9000/
2024/11/14 15:57:44 method=POST path=/query status=200 latency=4.100625ms client_ip=::1
2024/11/14 15:57:46 method=GET path=/metrics status=200 latency=905.625µs client_ip=::1
2024/11/14 15:58:01 method=GET path=/metrics status=200 latency=6.585667ms client_ip=::1
2024/11/14 15:58:16 method=GET path=/metrics status=200 latency=2.58025ms client_ip=::1
2024/11/14 15:58:31 method=GET path=/metrics status=200 latency=1.183125ms client_ip=::1
2024/11/14 15:58:44 GraphQL server created successfully
2024/11/14 15:58:44 GraphQL playground available at http://localhost:9000/
2024/11/14 15:58:46 method=GET path=/metrics status=200 latency=2.114667ms client_ip=::1
2024/11/14 15:58:50 method=POST path=/query status=200 latency=4.803459ms client_ip=::1
2024/11/14 15:59:01 method=GET path=/metrics status=200 latency=3.301208ms client_ip=::1
2024/11/14 15:59:16 method=GET path=/metrics status=200 latency=2.185875ms client_ip=::1
2024/11/14 15:59:31 method=GET path=/metrics status=200 latency=1.788708ms client_ip=::1
2024/11/14 15:59:46 method=GET path=/metrics status=200 latency=1.499125ms client_ip=::1
2024/11/14 16:00:01 method=GET path=/metrics status=200 latency=1.575083ms client_ip=::1
2024/11/14 16:00:16 method=GET path=/metrics status=200 latency=1.107084ms client_ip=::1
2024/11/14 16:00:31 method=GET path=/metrics status=200 latency=1.69375ms client_ip=::1
2024/11/14 16:00:46 method=GET path=/metrics status=200 latency=1.423958ms client_ip=::1
2024/11/14 16:00:54 GraphQL server created successfully
2024/11/14 16:00:54 GraphQL playground available at http://localhost:9000/
2024/11/14 16:01:01 method=POST path=/query status=200 latency=2.408ms client_ip=::1
2024/11/14 16:01:01 method=GET path=/metrics status=200 latency=1.027875ms client_ip=::1
2024/11/14 16:01:02 method=POST path=/query status=200 latency=3.780625ms client_ip=::1
2024/11/14 16:01:06 method=POST path=/query status=422 latency=599.458µs client_ip=::1
2024/11/14 16:01:11 method=POST path=/query status=422 latency=88.667µs client_ip=::1
2024/11/14 16:01:16 method=GET path=/metrics status=200 latency=795.833µs client_ip=::1
2024/11/14 16:01:19 method=POST path=/query status=200 latency=7.547542ms client_ip=::1
2024/11/14 16:01:31 method=GET path=/metrics status=200 latency=6.020083ms client_ip=::1
2024/11/14 16:01:46 method=GET path=/metrics status=200 latency=2.076125ms client_ip=::1
2024/11/14 16:02:01 method=GET path=/metrics status=200 latency=1.952542ms client_ip=::1
2024/11/14 16:02:16 method=GET path=/metrics status=200 latency=3.464375ms client_ip=::1
2024/11/14 16:13:19 GraphQL server created successfully
2024/11/14 16:13:19 GraphQL playground available at http://localhost:9000/
2024/11/14 16:13:20 method=POST path=/query status=200 latency=13.373583ms client_ip=::1
2024/11/14 16:13:31 method=GET path=/metrics status=200 latency=1.76425ms client_ip=::1
2024/11/14 16:13:46 method=GET path=/metrics status=200 latency=4.208542ms client_ip=::1
2024/11/14 16:14:01 method=GET path=/metrics status=200 latency=1.953333ms client_ip=::1
2024/11/14 16:14:16 method=GET path=/metrics status=200 latency=2.132084ms client_ip=::1
2024/11/14 16:14:31 method=GET path=/metrics status=200 latency=1.549125ms client_ip=::1
2024/11/14 16:14:46 method=GET path=/metrics status=200 latency=1.39375ms client_ip=::1
2024/11/14 16:15:01 method=GET path=/metrics status=200 latency=3.533584ms client_ip=::1
2024/11/14 16:15:16 method=GET path=/metrics status=200 latency=2.299208ms client_ip=::1
2024/11/14 16:15:31 method=GET path=/metrics status=200 latency=1.390167ms client_ip=::1
2024/11/14 16:15:46 method=GET path=/metrics status=200 latency=5.728959ms client_ip=::1
2024/11/14 16:16:01 method=GET path=/metrics status=200 latency=1.710209ms client_ip=::1
2024/11/14 16:16:16 method=GET path=/metrics status=200 latency=16.612791ms client_ip=::1
2024/11/14 16:16:31 method=GET path=/metrics status=200 latency=1.371625ms client_ip=::1
2024/11/14 16:16:46 method=GET path=/metrics status=200 latency=59.933042ms client_ip=::1
2024/11/14 16:17:01 method=GET path=/metrics status=200 latency=1.566542ms client_ip=::1
2024/11/14 16:17:16 method=GET path=/metrics status=200 latency=1.076833ms client_ip=::1
2024/11/14 16:17:31 method=GET path=/metrics status=200 latency=1.260375ms client_ip=::1
2024/11/14 16:17:46 method=GET path=/metrics status=200 latency=1.306875ms client_ip=::1
2024/11/14 16:18:01 method=GET path=/metrics status=200 latency=2.371ms client_ip=::1
2024/11/14 16:20:00 GraphQL server created successfully
2024/11/14 16:20:00 GraphQL playground available at http://localhost:9000/
2024/11/14 16:20:01 method=GET path=/metrics status=200 latency=799.25µs client_ip=::1
2024/11/14 16:20:01 method=POST path=/query status=200 latency=43.999958ms client_ip=::1
2024/11/14 16:20:02 method=POST path=/query status=200 latency=1.015667ms client_ip=::1
2024/11/14 16:20:04 method=POST path=/query status=200 latency=694.375µs client_ip=::1
2024/11/14 16:20:16 method=GET path=/metrics status=200 latency=2.773167ms client_ip=::1
2024/11/14 16:20:31 method=GET path=/metrics status=200 latency=4.139917ms client_ip=::1
2024/11/14 16:20:46 method=GET path=/metrics status=200 latency=2.240708ms client_ip=::1
2024/11/14 16:21:01 method=GET path=/metrics status=200 latency=1.282209ms client_ip=::1
2024/11/14 16:21:16 method=GET path=/metrics status=200 latency=1.162ms client_ip=::1
2024/11/14 16:21:31 method=GET path=/metrics status=200 latency=2.776625ms client_ip=::1
2024/11/14 16:21:46 method=GET path=/metrics status=200 latency=814.709µs client_ip=::1
2024/11/14 16:22:01 method=GET path=/metrics status=200 latency=2.258334ms client_ip=::1
2024/11/14 16:22:16 method=GET path=/metrics status=200 latency=716.958µs client_ip=::1
2024/11/14 16:22:31 method=GET path=/metrics status=200 latency=1.358542ms client_ip=::1
2024/11/14 16:22:46 method=GET path=/metrics status=200 latency=1.170792ms client_ip=::1
2024/11/14 16:23:01 method=GET path=/metrics status=200 latency=1.77575ms client_ip=::1
2024/11/14 16:23:16 method=GET path=/metrics status=200 latency=1.064125ms client_ip=::1
2024/11/14 16:23:31 method=GET path=/metrics status=200 latency=1.170875ms client_ip=::1
2024/11/14 16:23:46 method=GET path=/metrics status=200 latency=1.592583ms client_ip=::1
2024/11/14 16:24:01 method=GET path=/metrics status=200 latency=2.783916ms client_ip=::1
2024/11/14 16:24:16 method=GET path=/metrics status=200 latency=1.628417ms client_ip=::1
2024/11/14 16:24:31 method=GET path=/metrics status=200 latency=1.571959ms client_ip=::1
2024/11/14 16:24:46 method=GET path=/metrics status=200 latency=847.5µs client_ip=::1
2024/11/14 16:25:01 method=GET path=/metrics status=200 latency=1.393708ms client_ip=::1
2024/11/14 16:25:16 method=GET path=/metrics status=200 latency=1.748292ms client_ip=::1
2024/11/14 16:25:31 method=GET path=/metrics status=200 latency=4.851375ms client_ip=::1
2024/11/14 16:45:04 GraphQL server created successfully
2024/11/14 16:45:04 GraphQL playground available at http://localhost:9000/
2024/11/14 16:45:10 method=POST path=/query status=200 latency=1.398291ms client_ip=::1
2024/11/14 16:45:16 method=GET path=/metrics status=200 latency=3.5015ms client_ip=::1
2024/11/14 16:45:55 GraphQL server created successfully
2024/11/14 16:45:55 GraphQL playground available at http://localhost:9000/
2024/11/14 16:46:01 method=GET path=/metrics status=200 latency=4.083083ms client_ip=::1
2024/11/14 16:46:04 method=POST path=/query status=200 latency=1.569792ms client_ip=::1
2024/11/14 16:46:16 method=GET path=/metrics status=200 latency=1.322ms client_ip=::1
2024/11/14 16:46:31 method=GET path=/metrics status=200 latency=1.943791ms client_ip=::1
2024/11/14 16:46:46 method=GET path=/metrics status=200 latency=1.797583ms client_ip=::1
2024/11/14 16:47:13 GraphQL server created successfully
2024/11/14 16:47:13 GraphQL playground available at http://localhost:9000/
2024/11/14 16:47:15 Fetching user with ID: %!s(int=1)
2024/11/14 16:47:15 method=POST path=/query status=200 latency=19.790333ms client_ip=::1
2024/11/14 16:47:16 method=GET path=/metrics status=200 latency=3.787834ms client_ip=::1
2024/11/14 16:47:44 GraphQL server created successfully
2024/11/14 16:47:44 GraphQL playground available at http://localhost:9000/
2024/11/14 16:47:45 Fetching user with ID: %!s(int=2)
2024/11/14 16:47:45 Error fetching user: pg: no rows in result set
2024/11/14 16:47:45 method=POST path=/query status=200 latency=8.086833ms client_ip=::1
2024/11/14 16:47:46 method=GET path=/metrics status=200 latency=2.044708ms client_ip=::1
2024/11/14 16:47:53 Fetching user with ID: %!s(int=1)
2024/11/14 16:47:53 method=POST path=/query status=200 latency=1.597958ms client_ip=::1
2024/11/14 17:06:03 GraphQL server created successfully
2024/11/14 17:06:03 GraphQL playground available at http://localhost:9000/
2024/11/14 17:06:09 method=GET path=/metrics status=200 latency=1.989333ms client_ip=::1
2024/11/14 17:06:14 method=POST path=/query status=200 latency=10.070792ms client_ip=::1
2024/11/14 17:06:24 method=GET path=/metrics status=200 latency=2.191125ms client_ip=::1
2024/11/14 17:06:39 method=GET path=/metrics status=200 latency=3.022334ms client_ip=::1
2024/11/14 17:06:54 method=GET path=/metrics status=200 latency=2.652708ms client_ip=::1
2024/11/14 17:07:09 method=GET path=/metrics status=200 latency=1.588625ms client_ip=::1
2024/11/14 17:07:24 method=GET path=/metrics status=200 latency=2.320667ms client_ip=::1
2024/11/14 17:08:22 GraphQL server created successfully
2024/11/14 17:08:22 GraphQL playground available at http://localhost:9000/
2024/11/14 17:08:24 method=POST path=/query status=200 latency=2.887292ms client_ip=::1
2024/11/14 17:08:24 method=GET path=/metrics status=200 latency=905.292µs client_ip=::1
2024/11/14 17:08:39 method=GET path=/metrics status=200 latency=3.17625ms client_ip=::1
2024/11/14 17:08:54 method=GET path=/metrics status=200 latency=1.418083ms client_ip=::1
2024/11/14 17:09:09 method=GET path=/metrics status=200 latency=890.291µs client_ip=::1
2024/11/14 17:09:24 method=GET path=/metrics status=200 latency=2.459042ms client_ip=::1
2024/11/14 17:09:39 method=GET path=/metrics status=200 latency=2.998542ms client_ip=::1
2024/11/14 17:09:54 method=GET path=/metrics status=200 latency=945.625µs client_ip=::1
2024/11/14 17:10:09 method=GET path=/metrics status=200 latency=1.033542ms client_ip=::1
2024/11/14 17:10:24 method=GET path=/metrics status=200 latency=909.75µs client_ip=::1
2024/11/14 17:10:39 method=GET path=/metrics status=200 latency=1.110333ms client_ip=::1
2024/11/14 17:11:00 GraphQL server created successfully
2024/11/14 17:11:00 GraphQL playground available at http://localhost:9000/
2024/11/14 17:11:01 method=POST path=/query status=200 latency=42.683ms client_ip=::1
2024/11/14 17:11:09 method=GET path=/metrics status=200 latency=1.77625ms client_ip=::1
2024/11/14 17:11:24 method=GET path=/metrics status=200 latency=1.185958ms client_ip=::1
2024/11/14 17:11:39 method=GET path=/metrics status=200 latency=740.125µs client_ip=::1
2024/11/14 17:11:54 method=GET path=/metrics status=200 latency=2.086333ms client_ip=::1
2024/11/14 17:12:09 method=GET path=/metrics status=200 latency=446µs client_ip=::1
2024/11/14 17:12:24 method=GET path=/metrics status=200 latency=4.42325ms client_ip=::1
2024/11/14 17:21:54 GraphQL server created successfully
2024/11/14 17:21:54 GraphQL playground available at http://localhost:9000/
2024/11/14 17:21:54 method=GET path=/metrics status=200 latency=1.628208ms client_ip=::1
2024/11/14 17:21:57 method=POST path=/query status=200 latency=43.112791ms client_ip=::1
2024/11/14 17:22:09 method=GET path=/metrics status=200 latency=2.061667ms client_ip=::1
2024/11/14 17:22:24 method=GET path=/metrics status=200 latency=2.118958ms client_ip=::1
2024/11/14 17:24:22 GraphQL server created successfully
2024/11/14 17:24:22 GraphQL playground available at http://localhost:9000/
2024/11/14 17:24:24 method=GET path=/metrics status=200 latency=1.98225ms client_ip=::1
2024/11/14 17:24:40 GraphQL server created successfully
2024/11/14 17:24:40 GraphQL playground available at http://localhost:9000/
2024/11/14 17:24:54 method=GET path=/metrics status=200 latency=2.805167ms client_ip=::1
2024/11/14 17:25:03 GraphQL server created successfully
2024/11/14 17:25:03 GraphQL playground available at http://localhost:9000/
2024/11/14 17:25:09 method=GET path=/metrics status=200 latency=2.773208ms client_ip=::1
2024/11/14 17:25:24 method=GET path=/metrics status=200 latency=1.115334ms client_ip=::1
2024/11/14 17:25:39 method=GET path=/metrics status=200 latency=925.625µs client_ip=::1
2024/11/14 17:27:45 GraphQL server created successfully
2024/11/14 17:27:45 GraphQL playground available at http://localhost:9000/
2024/11/14 17:27:46 method=POST path=/query status=200 latency=13.702042ms client_ip=::1
2024/11/14 17:27:54 method=GET path=/metrics status=200 latency=2.294917ms client_ip=::1
2024/11/14 17:28:09 method=GET path=/metrics status=200 latency=2.783083ms client_ip=::1
2024/11/14 17:28:24 method=GET path=/metrics status=200 latency=1.933083ms client_ip=::1
2024/11/14 17:28:39 method=GET path=/metrics status=200 latency=1.862333ms client_ip=::1
2024/11/14 17:28:54 method=GET path=/metrics status=200 latency=1.268834ms client_ip=::1
2024/11/14 17:29:09 method=GET path=/metrics status=200 latency=2.339375ms client_ip=::1
2024/11/14 17:29:24 method=GET path=/metrics status=200 latency=1.478708ms client_ip=::1
2024/11/14 17:29:39 method=GET path=/metrics status=200 latency=903.292µs client_ip=::1
2024/11/14 17:29:54 method=GET path=/metrics status=200 latency=1.064417ms client_ip=::1
2024/11/14 17:30:09 method=GET path=/metrics status=200 latency=944.041µs client_ip=::1
2024/11/14 17:30:24 method=GET path=/metrics status=200 latency=1.913125ms client_ip=::1
2024/11/14 17:30:39 method=GET path=/metrics status=200 latency=927.292µs client_ip=::1
2024/11/14 17:30:54 method=GET path=/metrics status=200 latency=1.448708ms client_ip=::1
2024/11/14 17:31:09 method=GET path=/metrics status=200 latency=1.551ms client_ip=::1
2024/11/14 17:31:24 method=GET path=/metrics status=200 latency=1.9815ms client_ip=::1
2024/11/14 17:31:39 method=GET path=/metrics status=200 latency=1.509958ms client_ip=::1
2024/11/14 17:31:54 method=GET path=/metrics status=200 latency=1.252666ms client_ip=::1
2024/11/14 17:36:50 GraphQL server created successfully
2024/11/14 17:36:50 GraphQL playground available at http://localhost:9000/
2024/11/14 17:36:53 method=POST path=/query status=200 latency=16.16525ms client_ip=::1
2024/11/14 17:36:54 method=GET path=/metrics status=200 latency=1.957583ms client_ip=::1
2024/11/14 17:37:09 method=GET path=/metrics status=200 latency=2.861875ms client_ip=::1
2024/11/14 17:37:24 method=GET path=/metrics status=200 latency=1.923291ms client_ip=::1
2024/11/14 17:37:39 method=GET path=/metrics status=200 latency=2.27825ms client_ip=::1
2024/11/14 17:37:54 method=GET path=/metrics status=200 latency=1.319042ms client_ip=::1
2024/11/14 17:38:20 GraphQL server created successfully
2024/11/14 17:38:20 GraphQL playground available at http://localhost:9000/
2024/11/14 17:38:21 method=POST path=/query status=200 latency=2.515167ms client_ip=::1
2024/11/14 17:38:24 method=GET path=/metrics status=200 latency=1.117084ms client_ip=::1
2024/11/14 17:38:39 method=GET path=/metrics status=200 latency=1.89125ms client_ip=::1
2024/11/14 17:39:38 GraphQL server created successfully
2024/11/14 17:39:38 GraphQL playground available at http://localhost:9000/
2024/11/14 17:39:39 method=GET path=/metrics status=200 latency=741.792µs client_ip=::1
2024/11/14 17:39:39 method=POST path=/query status=200 latency=3.207208ms client_ip=::1
2024/11/14 17:39:43 method=POST path=/ status=404 latency=45µs client_ip=::1
2024/11/14 17:39:43 method=POST path=/ status=404 latency=4.875µs client_ip=::1
2024/11/14 17:39:43 method=POST path=/ status=404 latency=6.084µs client_ip=::1
2024/11/14 17:39:46 method=POST path=/query status=200 latency=2.323208ms client_ip=::1
2024/11/14 17:39:46 method=POST path=/query status=200 latency=11.21ms client_ip=::1
2024/11/14 17:39:46 method=POST path=/query status=200 latency=11.78ms client_ip=::1
2024/11/14 17:43:29 GraphQL server created successfully
2024/11/14 17:43:29 GraphQL playground available at http://localhost:9000/
2024/11/14 17:43:31 method=POST path=/query status=200 latency=38.77675ms client_ip=::1
2024/11/14 17:43:39 method=GET path=/metrics status=200 latency=2.755792ms client_ip=::1
2024/11/14 17:43:54 method=GET path=/metrics status=200 latency=2.301042ms client_ip=::1
2024/11/14 17:44:09 method=GET path=/metrics status=200 latency=1.914708ms client_ip=::1
2024/11/14 17:44:24 method=GET path=/metrics status=200 latency=5.415834ms client_ip=::1
2024/11/14 17:44:39 method=GET path=/metrics status=200 latency=1.374667ms client_ip=::1
2024/11/14 17:44:54 method=GET path=/metrics status=200 latency=2.0005ms client_ip=::1
2024/11/14 17:45:09 method=GET path=/metrics status=200 latency=1.367167ms client_ip=::1
2024/11/14 17:49:45 GraphQL server created successfully
2024/11/14 17:49:45 GraphQL playground available at http://localhost:9000/
2024/11/14 17:49:46 method=POST path=/query status=200 latency=393.793458ms client_ip=::1
2024/11/14 17:49:54 method=GET path=/metrics status=200 latency=4.886541ms client_ip=::1
2024/11/14 17:50:09 method=GET path=/metrics status=200 latency=644.375µs client_ip=::1
2024/11/14 18:03:24 GraphQL server created successfully
2024/11/14 18:03:24 GraphQL playground available at http://localhost:9000/
2024/11/14 18:03:26 method=POST path=/query status=200 latency=14.95ms client_ip=::1
2024/11/14 18:03:39 method=GET path=/metrics status=200 latency=2.479792ms client_ip=::1
2024/11/14 18:03:54 method=GET path=/metrics status=200 latency=1.544083ms client_ip=::1
2024/11/14 18:04:09 method=GET path=/metrics status=200 latency=1.677917ms client_ip=::1
2024/11/14 18:04:24 method=GET path=/metrics status=200 latency=2.488541ms client_ip=::1
2024/11/14 18:04:39 method=GET path=/metrics status=200 latency=2.288917ms client_ip=::1
2024/11/14 18:04:54 method=GET path=/metrics status=200 latency=1.464375ms client_ip=::1
2024/11/14 18:05:20 GraphQL server created successfully
2024/11/14 18:05:20 GraphQL playground available at http://localhost:9000/
2024/11/14 18:05:21 method=POST path=/query status=200 latency=13.833875ms client_ip=::1
2024/11/14 18:05:24 method=GET path=/metrics status=200 latency=3.462542ms client_ip=::1
2024/11/14 18:05:39 method=GET path=/metrics status=200 latency=2.020708ms client_ip=::1
2024/11/14 18:05:54 method=GET path=/metrics status=200 latency=1.978667ms client_ip=::1
2024/11/14 18:11:33 GraphQL server created successfully
2024/11/14 18:11:33 GraphQL playground available at http://localhost:9000/
2024/11/14 18:11:38 method=POST path=/query status=200 latency=11.382416ms client_ip=::1
2024/11/14 18:11:39 method=GET path=/metrics status=200 latency=910.584µs client_ip=::1
2024/11/14 18:11:54 method=GET path=/metrics status=200 latency=2.714834ms client_ip=::1
2024/11/14 18:12:09 method=GET path=/metrics status=200 latency=1.390042ms client_ip=::1
2024/11/14 18:18:02 GraphQL server created successfully
2024/11/14 18:18:02 GraphQL playground available at http://localhost:9000/
2024/11/14 18:18:09 method=GET path=/metrics status=200 latency=3.209792ms client_ip=::1
2024/11/14 18:18:24 method=GET path=/metrics status=200 latency=2.251ms client_ip=::1
2024/11/14 18:18:43 GraphQL server created successfully
2024/11/14 18:18:43 GraphQL playground available at http://localhost:9000/
2024/11/14 18:18:46 method=POST path=/query status=200 latency=2.399541ms client_ip=::1
2024/11/14 18:18:54 method=GET path=/metrics status=200 latency=2.860375ms client_ip=::1
2024/11/14 18:19:08 method=POST path=/query status=200 latency=2.72775ms client_ip=::1
2024/11/14 18:19:09 method=GET path=/metrics status=200 latency=952.375µs client_ip=::1
2024/11/14 18:19:14 method=POST path=/query status=200 latency=2.288833ms client_ip=::1
2024/11/14 18:19:24 method=GET path=/metrics status=200 latency=2.768791ms client_ip=::1
2024/11/14 18:19:39 method=GET path=/metrics status=200 latency=2.312375ms client_ip=::1
2024/11/14 18:19:54 method=GET path=/metrics status=200 latency=1.258542ms client_ip=::1
2024/11/14 18:20:09 method=GET path=/metrics status=200 latency=1.587667ms client_ip=::1
2024/11/14 18:20:24 method=GET path=/metrics status=200 latency=1.896125ms client_ip=::1
2024/11/14 18:20:39 method=GET path=/metrics status=200 latency=1.776208ms client_ip=::1
2024/11/14 18:20:54 method=GET path=/metrics status=200 latency=1.248209ms client_ip=::1
2024/11/14 18:21:09 method=GET path=/metrics status=200 latency=2.213125ms client_ip=::1
2024/11/14 18:21:24 method=GET path=/metrics status=200 latency=1.473667ms client_ip=::1
2024/11/14 18:21:39 method=GET path=/metrics status=200 latency=1.070083ms client_ip=::1
2024/11/14 18:21:54 method=GET path=/metrics status=200 latency=924.958µs client_ip=::1
2024/11/14 18:22:09 method=GET path=/metrics status=200 latency=2.1945ms client_ip=::1
2024/11/14 18:22:24 method=GET path=/metrics status=200 latency=1.411958ms client_ip=::1
2024/11/14 18:23:29 GraphQL server created successfully
2024/11/14 18:23:29 GraphQL playground available at http://localhost:9000/
2024/11/14 18:23:32 method=POST path=/query status=200 latency=2.050208ms client_ip=::1
2024/11/14 18:23:39 method=GET path=/metrics status=200 latency=1.94725ms client_ip=::1
2024/11/14 18:23:44 method=POST path=/query status=200 latency=1.823958ms client_ip=::1
2024/11/14 18:23:46 method=POST path=/query status=200 latency=875.708µs client_ip=::1
2024/11/14 18:23:47 method=POST path=/query status=200 latency=906.792µs client_ip=::1
2024/11/14 18:23:54 method=GET path=/metrics status=200 latency=787.917µs client_ip=::1
2024/11/14 18:24:01 method=POST path=/query status=200 latency=17.944333ms client_ip=::1
2024/11/14 18:24:09 method=GET path=/metrics status=200 latency=995.292µs client_ip=::1
2024/11/14 18:24:24 method=GET path=/metrics status=200 latency=1.939292ms client_ip=::1
2024/11/14 18:24:37 method=POST path=/query status=200 latency=30.096125ms client_ip=::1
2024/11/14 18:24:39 method=GET path=/metrics status=200 latency=3.506792ms client_ip=::1
2024/11/14 18:24:42 method=POST path=/query status=200 latency=2.946625ms client_ip=::1
2024/11/14 18:24:54 method=GET path=/metrics status=200 latency=2.478875ms client_ip=::1
2024/11/14 18:25:09 method=GET path=/metrics status=200 latency=1.542666ms client_ip=::1
2024/11/14 18:25:24 method=GET path=/metrics status=200 latency=2.115ms client_ip=::1
2024/11/14 18:25:39 method=GET path=/metrics status=200 latency=1.654375ms client_ip=::1
2024/11/14 18:25:54 method=GET path=/metrics status=200 latency=1.057167ms client_ip=::1
2024/11/14 18:26:09 method=GET path=/metrics status=200 latency=9.922583ms client_ip=::1
2024/11/14 18:26:25 GraphQL server created successfully
2024/11/14 18:26:25 GraphQL playground available at http://localhost:9000/
2024/11/14 18:26:39 method=GET path=/metrics status=200 latency=3.087958ms client_ip=::1
2024/11/14 18:26:51 GraphQL server created successfully
2024/11/14 18:26:51 GraphQL playground available at http://localhost:9000/
2024/11/14 18:26:54 method=GET path=/metrics status=200 latency=894.458µs client_ip=::1
2024/11/14 18:48:42 GraphQL server created successfully
2024/11/14 18:48:42 GraphQL playground available at http://localhost:9000/
2024/11/14 18:48:49 method=POST path=/query status=200 latency=13.148333ms client_ip=::1
2024/11/14 18:48:54 method=GET path=/metrics status=200 latency=1.387959ms client_ip=::1
2024/11/14 18:57:25 GraphQL server created successfully
2024/11/14 18:57:25 GraphQL playground available at http://localhost:9000/
2024/11/14 18:57:31 method=POST path=/query status=200 latency=9.752875ms client_ip=::1
2024/11/14 18:57:38 method=POST path=/query status=200 latency=11.357792ms client_ip=::1
2024/11/14 18:57:39 method=GET path=/metrics status=200 latency=2.022917ms client_ip=::1
2024/11/14 18:57:54 method=GET path=/metrics status=200 latency=1.116708ms client_ip=::1
2024/11/14 18:58:09 method=GET path=/metrics status=200 latency=2.2605ms client_ip=::1
2024/11/14 18:58:24 method=GET path=/metrics status=200 latency=1.100417ms client_ip=::1
2024/11/14 18:58:39 method=GET path=/metrics status=200 latency=3.56675ms client_ip=::1
2024/11/14 18:58:54 method=GET path=/metrics status=200 latency=2.479084ms client_ip=::1
2024/11/14 18:59:09 method=GET path=/metrics status=200 latency=1.19375ms client_ip=::1
2024/11/14 18:59:24 method=GET path=/metrics status=200 latency=770.666µs client_ip=::1
2024/11/14 18:59:39 method=GET path=/metrics status=200 latency=1.532334ms client_ip=::1
2024/11/14 18:59:41 method=POST path=/query status=200 latency=29.457208ms client_ip=::1
2024/11/14 18:59:54 method=GET path=/metrics status=200 latency=1.575542ms client_ip=::1
2024/11/14 19:00:09 method=GET path=/metrics status=200 latency=3.3615ms client_ip=::1
2024/11/14 19:00:24 method=GET path=/metrics status=200 latency=1.847834ms client_ip=::1
2024/11/14 19:00:39 method=GET path=/metrics status=200 latency=2.076041ms client_ip=::1
2024/11/14 19:00:54 method=GET path=/metrics status=200 latency=1.915167ms client_ip=::1
2024/11/14 19:01:56 GraphQL server created successfully
2024/11/14 19:01:56 GraphQL playground available at http://localhost:9000/
2024/11/14 19:02:09 method=GET path=/metrics status=200 latency=4.467958ms client_ip=::1
2024/11/14 19:02:14 method=POST path=/query status=200 latency=12.401542ms client_ip=::1
2024/11/14 19:02:22 method=POST path=/query status=200 latency=1.199958ms client_ip=::1
2024/11/14 19:02:24 method=GET path=/metrics status=200 latency=1.080667ms client_ip=::1
2024/11/14 19:02:39 method=GET path=/metrics status=200 latency=2.756625ms client_ip=::1
2024/11/14 19:11:47 GraphQL server created successfully
2024/11/14 19:11:47 GraphQL playground available at http://localhost:9000/
2024/11/14 19:20:04 GraphQL server created successfully
2024/11/14 19:20:04 GraphQL playground available at http://localhost:9000/
2024/11/14 19:20:09 method=GET path=/metrics status=200 latency=1.00275ms client_ip=::1
2024/11/14 19:20:13 method=POST path=/query status=200 latency=11.836208ms client_ip=::1
2024/11/14 19:20:24 method=GET path=/metrics status=200 latency=2.454542ms client_ip=::1
2024/11/14 19:20:39 method=GET path=/metrics status=200 latency=1.216709ms client_ip=::1
2024/11/14 19:20:54 method=GET path=/metrics status=200 latency=5.202875ms client_ip=::1
2024/11/14 19:21:09 method=GET path=/metrics status=200 latency=1.433791ms client_ip=::1
2024/11/14 19:21:24 method=GET path=/metrics status=200 latency=7.846791ms client_ip=::1
2024/11/14 19:25:39 GraphQL server created successfully
2024/11/14 19:25:39 GraphQL playground available at http://localhost:9000/
2024/11/14 19:26:03 GraphQL server created successfully
2024/11/14 19:26:03 GraphQL playground available at http://localhost:9000/
2024/11/14 19:26:09 method=GET path=/metrics status=200 latency=1.866166ms client_ip=::1
2024/11/14 19:26:09 method=POST path=/query status=200 latency=12.796958ms client_ip=::1
2024/11/14 19:32:39 GraphQL server created successfully
2024/11/14 19:32:39 GraphQL playground available at http://localhost:9000/
2024/11/14 19:32:44 method=POST path=/query status=422 latency=663.167µs client_ip=::1
2024/11/14 19:32:54 method=GET path=/metrics status=200 latency=2.974541ms client_ip=::1
2024/11/14 19:33:00 method=POST path=/query status=200 latency=12.918291ms client_ip=::1
2024/11/14 19:33:05 method=POST path=/query status=200 latency=4.529125ms client_ip=::1
2024/11/14 19:33:09 method=GET path=/metrics status=200 latency=1.013125ms client_ip=::1
2024/11/14 19:33:24 method=GET path=/metrics status=200 latency=992.708µs client_ip=::1
2024/11/14 19:33:26 method=POST path=/query status=422 latency=267.25µs client_ip=::1
2024/11/14 19:33:39 method=GET path=/metrics status=200 latency=1.900459ms client_ip=::1
2024/11/14 19:33:54 method=GET path=/metrics status=200 latency=1.70425ms client_ip=::1
2024/11/14 19:34:09 method=GET path=/metrics status=200 latency=877.542µs client_ip=::1
2024/11/14 19:52:44 GraphQL server created successfully
2024/11/14 19:52:44 GraphQL playground available at http://localhost:9000/
2024/11/14 19:52:48 method=POST path=/query status=200 latency=2.961541ms client_ip=::1
2024/11/14 19:52:54 method=GET path=/metrics status=200 latency=1.422875ms client_ip=::1
2024/11/14 19:53:09 method=GET path=/metrics status=200 latency=1.577875ms client_ip=::1
2024/11/14 19:53:24 method=GET path=/metrics status=200 latency=2.333708ms client_ip=::1
2024/11/14 19:56:07 GraphQL server created successfully
2024/11/14 19:56:07 GraphQL playground available at http://localhost:9000/
2024/11/14 19:56:09 method=GET path=/metrics status=200 latency=734.792µs client_ip=::1
2024/11/14 19:56:24 method=GET path=/metrics status=200 latency=2.193084ms client_ip=::1
2024/11/14 19:56:38 method=POST path=/query status=200 latency=1.343083ms client_ip=::1
2024/11/14 19:56:39 method=GET path=/metrics status=200 latency=1.040292ms client_ip=::1
2024/11/14 19:56:54 method=GET path=/metrics status=200 latency=2.294292ms client_ip=::1
2024/11/14 19:57:09 method=GET path=/metrics status=200 latency=1.069292ms client_ip=::1
2024/11/14 19:57:32 GraphQL server created successfully
2024/11/14 19:57:32 GraphQL playground available at http://localhost:9000/
2024/11/14 19:57:32 method=POST path=/query status=200 latency=898.792µs client_ip=::1
2024/11/14 20:01:05 GraphQL server created successfully
2024/11/14 20:01:05 GraphQL playground available at http://localhost:9000/
2024/11/14 20:01:08 method=POST path=/query status=200 latency=1.076792ms client_ip=::1
2024/11/14 20:01:09 method=GET path=/metrics status=200 latency=901.375µs client_ip=::1
2024/11/14 20:01:22 method=POST path=/query status=200 latency=308.333µs client_ip=::1
2024/11/14 20:01:24 method=GET path=/metrics status=200 latency=569.458µs client_ip=::1
2024/11/14 20:01:55 GraphQL server created successfully
2024/11/14 20:01:55 GraphQL playground available at http://localhost:9000/
2024/11/14 20:02:02 method=POST path=/query status=200 latency=830.375µs client_ip=::1
2024/11/14 20:02:09 method=GET path=/metrics status=200 latency=1.508417ms client_ip=::1
2024/11/14 20:02:24 method=GET path=/metrics status=200 latency=2.61325ms client_ip=::1
2024/11/14 20:02:39 method=GET path=/metrics status=200 latency=594.458µs client_ip=::1
2024/11/14 20:02:54 method=GET path=/metrics status=200 latency=816.375µs client_ip=::1
2024/11/14 20:03:09 method=GET path=/metrics status=200 latency=8.325208ms client_ip=::1
2024/11/14 20:03:24 method=GET path=/metrics status=200 latency=1.287417ms client_ip=::1
2024/11/14 20:03:39 method=GET path=/metrics status=200 latency=1.442166ms client_ip=::1
2024/11/14 20:03:56 GraphQL server created successfully
2024/11/14 20:03:56 GraphQL playground available at http://localhost:9000/
2024/11/14 20:04:01 method=POST path=/query status=200 latency=763.292µs client_ip=::1
2024/11/14 20:04:09 method=GET path=/metrics status=200 latency=1.929416ms client_ip=::1
2024/11/14 20:04:24 method=GET path=/metrics status=200 latency=782.292µs client_ip=::1
2024/11/14 20:04:39 method=GET path=/metrics status=200 latency=625.834µs client_ip=::1
2024/11/14 20:04:54 method=GET path=/metrics status=200 latency=3.185792ms client_ip=::1
2024/11/14 20:05:09 method=GET path=/metrics status=200 latency=446.208µs client_ip=::1
2024/11/14 20:05:24 method=GET path=/metrics status=200 latency=1.644041ms client_ip=::1
2024/11/14 20:05:39 method=GET path=/metrics status=200 latency=742.959µs client_ip=::1
2024/11/14 20:05:54 method=GET path=/metrics status=200 latency=2.355834ms client_ip=::1
2024/11/14 20:06:09 method=GET path=/metrics status=200 latency=1.162542ms client_ip=::1
2024/11/14 20:06:24 method=GET path=/metrics status=200 latency=1.910208ms client_ip=::1
2024/11/14 20:06:39 method=GET path=/metrics status=200 latency=1.819542ms client_ip=::1
2024/11/14 20:06:54 method=GET path=/metrics status=200 latency=2.000042ms client_ip=::1
2024/11/14 20:07:09 method=GET path=/metrics status=200 latency=1.890334ms client_ip=::1
2024/11/14 20:07:24 method=GET path=/metrics status=200 latency=1.175416ms client_ip=::1
2024/11/14 20:07:39 method=GET path=/metrics status=200 latency=1.821833ms client_ip=::1
2024/11/14 20:14:08 GraphQL server created successfully
2024/11/14 20:14:08 GraphQL playground available at http://localhost:9000/
2024/11/14 20:14:09 method=GET path=/metrics status=200 latency=1.009458ms client_ip=::1
2024/11/14 20:14:09 method=POST path=/query status=200 latency=19.472833ms client_ip=::1
2024/11/14 20:14:21 method=POST path=/query status=200 latency=3.644625ms client_ip=::1
2024/11/14 20:14:24 method=GET path=/metrics status=200 latency=817.834µs client_ip=::1
2024/11/14 20:14:27 method=POST path=/query status=200 latency=1.102625ms client_ip=::1
2024/11/14 20:14:39 method=GET path=/metrics status=200 latency=2.248459ms client_ip=::1
2024/11/14 20:14:54 method=GET path=/metrics status=200 latency=1.284417ms client_ip=::1
2024/11/14 20:15:09 method=GET path=/metrics status=200 latency=616.834µs client_ip=::1
2024/11/14 20:16:55 GraphQL server created successfully
2024/11/14 20:16:55 GraphQL playground available at http://localhost:9000/
2024/11/14 20:16:59 method=POST path=/query status=200 latency=822.708µs client_ip=::1
2024/11/14 20:17:09 method=GET path=/metrics status=200 latency=1.394875ms client_ip=::1
2024/11/14 20:17:24 method=GET path=/metrics status=200 latency=1.851708ms client_ip=::1
2024/11/14 20:17:39 method=GET path=/metrics status=200 latency=548.208µs client_ip=::1
2024/11/14 20:17:54 method=GET path=/metrics status=200 latency=2.068083ms client_ip=::1
2024/11/14 20:18:20 GraphQL server created successfully
2024/11/14 20:18:20 GraphQL playground available at http://localhost:9000/
2024/11/14 20:18:24 method=GET path=/metrics status=200 latency=2.168792ms client_ip=::1
2024/11/14 20:18:24 method=POST path=/query status=200 latency=661µs client_ip=::1
2024/11/14 20:18:25 method=POST path=/query status=200 latency=103.875µs client_ip=::1
2024/11/14 20:18:26 method=POST path=/query status=200 latency=71.375µs client_ip=::1
2024/11/14 20:18:28 method=POST path=/query status=200 latency=194.209µs client_ip=::1
2024/11/14 20:18:39 method=GET path=/metrics status=200 latency=1.78925ms client_ip=::1
2024/11/14 20:18:54 method=GET path=/metrics status=200 latency=2.105208ms client_ip=::1
2024/11/14 20:19:09 method=GET path=/metrics status=200 latency=1.682291ms client_ip=::1
2024/11/14 20:19:24 method=GET path=/metrics status=200 latency=1.149917ms client_ip=::1
2024/11/14 20:19:39 method=GET path=/metrics status=200 latency=867.875µs client_ip=::1
2024/11/14 20:19:53 GraphQL server created successfully
2024/11/14 20:19:53 GraphQL playground available at http://localhost:9000/
2024/11/14 20:19:54 method=GET path=/metrics status=200 latency=520.625µs client_ip=::1
2024/11/14 20:19:58 method=POST path=/query status=200 latency=740.542µs client_ip=::1
2024/11/14 20:20:09 method=GET path=/metrics status=200 latency=994.459µs client_ip=::1
2024/11/14 20:20:24 method=GET path=/metrics status=200 latency=2.925042ms client_ip=::1
2024/11/14 20:20:39 method=GET path=/metrics status=200 latency=1.51525ms client_ip=::1
2024/11/14 20:20:54 method=GET path=/metrics status=200 latency=680.083µs client_ip=::1
2024/11/14 20:22:05 GraphQL server created successfully
2024/11/14 20:22:05 GraphQL playground available at http://localhost:9000/
2024/11/14 20:22:08 method=POST path=/query status=200 latency=769.833µs client_ip=::1
2024/11/14 20:22:09 method=GET path=/metrics status=200 latency=2.101042ms client_ip=::1
2024/11/14 20:22:28 GraphQL server created successfully
2024/11/14 20:22:28 GraphQL playground available at http://localhost:9000/
2024/11/14 20:22:31 method=POST path=/query status=200 latency=898.417µs client_ip=::1
2024/11/14 20:22:39 method=GET path=/metrics status=200 latency=2.485791ms client_ip=::1
2024/11/14 20:22:54 method=GET path=/metrics status=200 latency=3.379125ms client_ip=::1
2024/11/14 20:23:09 method=GET path=/metrics status=200 latency=1.239542ms client_ip=::1
2024/11/14 20:23:52 GraphQL server created successfully
2024/11/14 20:24:19 GraphQL server created successfully
2024/11/14 20:24:33 GraphQL server created successfully
2024/11/14 20:37:12 GraphQL server created successfully
2024/11/14 20:40:15 GraphQL server created successfully
2024/11/15 06:46:48 GraphQL server created successfully
2024/11/15 06:48:11 GraphQL server created successfully
2024/11/15 06:50:48 GraphQL server created successfully
2024/11/15 07:01:33 GraphQL server created successfully
2024/11/15 07:07:21 GraphQL server created successfully
2024/11/15 07:12:02 GraphQL server created successfully
2024/11/15 07:22:28 GraphQL server created successfully
